2017-10-13 16:27:03.660  INFO 11144 --- [main] org.xnio                                 : XNIO version 3.3.6.Final
2017-10-13 16:27:03.730  INFO 11144 --- [main] org.xnio.nio                             : XNIO NIO Implementation Version 3.3.6.Final
2017-10-13 16:27:04.047  WARN 11144 --- [main] io.undertow.websockets.jsr               : UT026009: XNIO worker was not set on WebSocketDeploymentInfo, the default worker will be used
2017-10-13 16:27:04.047  WARN 11144 --- [main] io.undertow.websockets.jsr               : UT026010: Buffer pool was not set on WebSocketDeploymentInfo, the default pool will be used
2017-10-13 16:27:04.117  INFO 11144 --- [main] io.undertow.servlet                      : Initializing Spring embedded WebApplicationContext
2017-10-13 16:28:20.132  INFO 11244 --- [main] org.xnio                                 : XNIO version 3.3.6.Final
2017-10-13 16:28:20.217  INFO 11244 --- [main] org.xnio.nio                             : XNIO NIO Implementation Version 3.3.6.Final
2017-10-13 16:28:20.402  WARN 11244 --- [main] io.undertow.websockets.jsr               : UT026009: XNIO worker was not set on WebSocketDeploymentInfo, the default worker will be used
2017-10-13 16:28:20.406  WARN 11244 --- [main] io.undertow.websockets.jsr               : UT026010: Buffer pool was not set on WebSocketDeploymentInfo, the default pool will be used
2017-10-13 16:28:20.451  INFO 11244 --- [main] io.undertow.servlet                      : Initializing Spring embedded WebApplicationContext
2017-10-13 16:29:00.820  INFO 11333 --- [main] org.xnio                                 : XNIO version 3.3.6.Final
2017-10-13 16:29:00.844  INFO 11333 --- [main] org.xnio.nio                             : XNIO NIO Implementation Version 3.3.6.Final
2017-10-13 16:29:00.896  WARN 11333 --- [main] io.undertow.websockets.jsr               : UT026009: XNIO worker was not set on WebSocketDeploymentInfo, the default worker will be used
2017-10-13 16:29:00.899  WARN 11333 --- [main] io.undertow.websockets.jsr               : UT026010: Buffer pool was not set on WebSocketDeploymentInfo, the default pool will be used
2017-10-13 16:29:00.922  INFO 11333 --- [main] io.undertow.servlet                      : Initializing Spring embedded WebApplicationContext
2017-11-03 16:56:59.680  INFO 12026 --- [main] org.xnio                                 : XNIO version 3.3.6.Final
2017-11-03 16:56:59.813  INFO 12026 --- [main] org.xnio.nio                             : XNIO NIO Implementation Version 3.3.6.Final
2017-11-03 16:57:00.053  WARN 12026 --- [main] io.undertow.websockets.jsr               : UT026009: XNIO worker was not set on WebSocketDeploymentInfo, the default worker will be used
2017-11-03 16:57:00.054  WARN 12026 --- [main] io.undertow.websockets.jsr               : UT026010: Buffer pool was not set on WebSocketDeploymentInfo, the default pool will be used
2017-11-03 16:57:00.130  INFO 12026 --- [main] io.undertow.servlet                      : Initializing Spring embedded WebApplicationContext
2017-11-03 16:58:36.209  INFO 12123 --- [main] org.xnio                                 : XNIO version 3.3.6.Final
2017-11-03 16:58:36.295  INFO 12123 --- [main] org.xnio.nio                             : XNIO NIO Implementation Version 3.3.6.Final
2017-11-03 16:58:36.437  WARN 12123 --- [main] io.undertow.websockets.jsr               : UT026009: XNIO worker was not set on WebSocketDeploymentInfo, the default worker will be used
2017-11-03 16:58:36.438  WARN 12123 --- [main] io.undertow.websockets.jsr               : UT026010: Buffer pool was not set on WebSocketDeploymentInfo, the default pool will be used
2017-11-03 16:58:36.505  INFO 12123 --- [main] io.undertow.servlet                      : Initializing Spring embedded WebApplicationContext
2017-11-03 17:01:34.657  INFO 12288 --- [main] org.xnio                                 : XNIO version 3.3.6.Final
2017-11-03 17:01:34.758  INFO 12288 --- [main] org.xnio.nio                             : XNIO NIO Implementation Version 3.3.6.Final
2017-11-03 17:01:34.974  WARN 12288 --- [main] io.undertow.websockets.jsr               : UT026009: XNIO worker was not set on WebSocketDeploymentInfo, the default worker will be used
2017-11-03 17:01:34.975  WARN 12288 --- [main] io.undertow.websockets.jsr               : UT026010: Buffer pool was not set on WebSocketDeploymentInfo, the default pool will be used
2017-11-03 17:01:35.035  INFO 12288 --- [main] io.undertow.servlet                      : Initializing Spring embedded WebApplicationContext
2017-11-03 17:02:40.255  INFO 12372 --- [main] org.xnio                                 : XNIO version 3.3.6.Final
2017-11-03 17:02:40.349  INFO 12372 --- [main] org.xnio.nio                             : XNIO NIO Implementation Version 3.3.6.Final
2017-11-03 17:02:40.559  WARN 12372 --- [main] io.undertow.websockets.jsr               : UT026009: XNIO worker was not set on WebSocketDeploymentInfo, the default worker will be used
2017-11-03 17:02:40.560  WARN 12372 --- [main] io.undertow.websockets.jsr               : UT026010: Buffer pool was not set on WebSocketDeploymentInfo, the default pool will be used
2017-11-03 17:02:40.623  INFO 12372 --- [main] io.undertow.servlet                      : Initializing Spring embedded WebApplicationContext
